{"uuid":"d55e725c-abe8-43f6-959d-15b906fec1ab","historyId":"f7c0ec0c7c8d4d6a9c2729a19bd06f92","fullName":"TestCases.TestBase.OpenUrl","labels":[{"name":"package","value":"TestCases.LoginTest"},{"name":"testClass","value":"TestCases.LoginTest"},{"name":"testMethod","value":"OpenUrl"},{"name":"parentSuite","value":"Default Suite"},{"name":"suite","value":"VisitorManagmentRequest"},{"name":"subSuite","value":"TestCases.LoginTest"},{"name":"host","value":"EGY-W-062"},{"name":"thread","value":"29396@EGY-W-062.main(1)"},{"name":"framework","value":"testng"},{"name":"language","value":"java"},{"name":"AS_ID","value":"-1"}],"links":[],"name":"OpenUrl","status":"broken","statusDetails":{"known":false,"muted":false,"flaky":false,"message":"Unable to obtain: Capabilities {browserName: chrome, goog:chromeOptions: {args: [--remote-allow-origins=*], extensions: []}, pageLoadStrategy: normal}, error Unable to obtain Selenium Manager Binary\nBuild info: version: '4.11.0', revision: '040bc5406b'\nSystem info: os.name: 'Windows 11', os.arch: 'amd64', os.version: '10.0', java.version: '21.0.1'\nDriver info: driver.version: ChromeDriver","trace":"org.openqa.selenium.remote.NoSuchDriverException: Unable to obtain: Capabilities {browserName: chrome, goog:chromeOptions: {args: [--remote-allow-origins=*], extensions: []}, pageLoadStrategy: normal}, error Unable to obtain Selenium Manager Binary\nBuild info: version: '4.11.0', revision: '040bc5406b'\nSystem info: os.name: 'Windows 11', os.arch: 'amd64', os.version: '10.0', java.version: '21.0.1'\nDriver info: driver.version: ChromeDriver\r\n\tat org.openqa.selenium.remote.service.DriverFinder.getPath(DriverFinder.java:25)\r\n\tat org.openqa.selenium.remote.service.DriverFinder.getPath(DriverFinder.java:13)\r\n\tat org.openqa.selenium.chrome.ChromeDriver.generateExecutor(ChromeDriver.java:99)\r\n\tat org.openqa.selenium.chrome.ChromeDriver.<init>(ChromeDriver.java:88)\r\n\tat org.openqa.selenium.chrome.ChromeDriver.<init>(ChromeDriver.java:83)\r\n\tat org.openqa.selenium.chrome.ChromeDriver.<init>(ChromeDriver.java:72)\r\n\tat TestCases.TestBase.OpenUrl(TestBase.java:30)\r\n\tat java.base/jdk.internal.reflect.DirectMethodHandleAccessor.invoke(DirectMethodHandleAccessor.java:103)\r\n\tat java.base/java.lang.reflect.Method.invoke(Method.java:580)\r\n\tat org.testng.internal.MethodInvocationHelper.invokeMethod(MethodInvocationHelper.java:133)\r\n\tat org.testng.internal.MethodInvocationHelper.invokeMethodConsideringTimeout(MethodInvocationHelper.java:62)\r\n\tat org.testng.internal.ConfigInvoker.invokeConfigurationMethod(ConfigInvoker.java:385)\r\n\tat org.testng.internal.ConfigInvoker.invokeConfigurations(ConfigInvoker.java:321)\r\n\tat org.testng.TestRunner.invokeTestConfigurations(TestRunner.java:637)\r\n\tat org.testng.TestRunner.beforeRun(TestRunner.java:627)\r\n\tat org.testng.TestRunner.run(TestRunner.java:589)\r\n\tat org.testng.SuiteRunner.runTest(SuiteRunner.java:377)\r\n\tat org.testng.SuiteRunner.runSequentially(SuiteRunner.java:371)\r\n\tat org.testng.SuiteRunner.privateRun(SuiteRunner.java:332)\r\n\tat org.testng.SuiteRunner.run(SuiteRunner.java:276)\r\n\tat org.testng.SuiteRunnerWorker.runSuite(SuiteRunnerWorker.java:53)\r\n\tat org.testng.SuiteRunnerWorker.run(SuiteRunnerWorker.java:96)\r\n\tat org.testng.TestNG.runSuitesSequentially(TestNG.java:1212)\r\n\tat org.testng.TestNG.runSuitesLocally(TestNG.java:1134)\r\n\tat org.testng.TestNG.runSuites(TestNG.java:1063)\r\n\tat org.testng.TestNG.run(TestNG.java:1031)\r\n\tat com.intellij.rt.testng.IDEARemoteTestNG.run(IDEARemoteTestNG.java:65)\r\n\tat com.intellij.rt.testng.RemoteTestNGStarter.main(RemoteTestNGStarter.java:105)\r\nCaused by: org.openqa.selenium.WebDriverException: Unable to obtain Selenium Manager Binary\nBuild info: version: '4.11.0', revision: '040bc5406b'\nSystem info: os.name: 'Windows 11', os.arch: 'amd64', os.version: '10.0', java.version: '21.0.1'\nDriver info: driver.version: ChromeDriver\r\n\tat org.openqa.selenium.manager.SeleniumManager.getBinary(SeleniumManager.java:190)\r\n\tat org.openqa.selenium.manager.SeleniumManager.getDriverPath(SeleniumManager.java:232)\r\n\tat org.openqa.selenium.remote.service.DriverFinder.getPath(DriverFinder.java:22)\r\n\t... 27 more\r\nCaused by: java.io.IOException: There is not enough space on the disk\r\n\tat java.base/sun.nio.ch.FileDispatcherImpl.write0(Native Method)\r\n\tat java.base/sun.nio.ch.FileDispatcherImpl.write(FileDispatcherImpl.java:75)\r\n\tat java.base/sun.nio.ch.IOUtil.writeFromNativeBuffer(IOUtil.java:137)\r\n\tat java.base/sun.nio.ch.IOUtil.write(IOUtil.java:102)\r\n\tat java.base/sun.nio.ch.IOUtil.write(IOUtil.java:72)\r\n\tat java.base/sun.nio.ch.FileChannelImpl.write(FileChannelImpl.java:300)\r\n\tat java.base/sun.nio.ch.ChannelOutputStream.writeFully(ChannelOutputStream.java:68)\r\n\tat java.base/sun.nio.ch.ChannelOutputStream.write(ChannelOutputStream.java:105)\r\n\tat java.base/java.io.InputStream.transferTo(InputStream.java:797)\r\n\tat java.base/java.nio.file.Files.copy(Files.java:3151)\r\n\tat org.openqa.selenium.manager.SeleniumManager.getBinary(SeleniumManager.java:186)\r\n\t... 29 more\r\n"},"stage":"finished","steps":[],"attachments":[],"parameters":[],"start":1724837142399,"stop":1724837142400}